<?xml version="1.0" encoding="utf-8"?><testsuites name="pytest tests"><testsuite name="pytest" errors="0" failures="0" skipped="0" tests="16" time="8.060" timestamp="2026-07-03T12:23:33.418617+00:00" hostname="agent-env-085000f1-1457-4adf-a17e-e47a7a5b6758"><testcase classname="backend.tests.test_swarna_backend.TestAuth" name="test_login_success" time="0.509" /><testcase classname="backend.tests.test_swarna_backend.TestAuth" name="test_login_wrong_password" time="0.284" /><testcase classname="backend.tests.test_swarna_backend.TestAuth" name="test_change_password_wrong_current_rejected" time="0.284" /><testcase classname="backend.tests.test_swarna_backend.TestAuth" name="test_change_password_roundtrip" time="1.645" /><testcase classname="backend.tests.test_swarna_backend.TestAuth" name="test_setup_recovery_and_status" time="0.832" /><testcase classname="backend.tests.test_swarna_backend.TestAuth" name="test_reset_password_with_answer_and_revert" time="1.347" /><testcase classname="backend.tests.test_swarna_backend.TestAuth" name="test_reset_password_wrong_answer_rejected" time="0.605" /><testcase classname="backend.tests.test_swarna_backend.TestExpenses" name="test_expense_crud_and_filter" time="0.350" /><testcase classname="backend.tests.test_swarna_backend.TestExpenses" name="test_delete_missing_expense_404" time="0.068" /><testcase classname="backend.tests.test_swarna_backend.TestPurchases" name="test_purchase_with_product_updates_stock" time="0.641" /><testcase classname="backend.tests.test_swarna_backend.TestPurchases" name="test_purchase_freetext_does_not_touch_stock" time="0.522" /><testcase classname="backend.tests.test_swarna_backend.TestPurchases" name="test_delete_missing_purchase_404" time="0.067" /><testcase classname="backend.tests.test_swarna_backend.TestReports" name="test_summary_shape" time="0.066" /><testcase classname="backend.tests.test_swarna_backend.TestReports" name="test_daily_report" time="0.072" /><testcase classname="backend.tests.test_swarna_backend.TestRegression" name="test_shop_info_and_dashboard" time="0.133" /><testcase classname="backend.tests.test_swarna_backend.TestRegression" name="test_bill_creation_decrements_stock" time="0.466" /></testsuite></testsuites>